<?xml version="1.0" encoding="UTF-8"?>
<!-- Generated by org.testng.reporters.JUnitReportReporter -->
<testsuite hostname="LAPTOP-2DBSRI6Q" failures="0" tests="1" name="practise.CreateContactlist" time="3.838" errors="0" timestamp="2023-12-08T12:42:55 IST" skipped="0">
  <testcase classname="practise.CreateContactlist" name="m1Test" time="3.838"/>
  <system-out/>
</testsuite> <!-- practise.CreateContactlist -->
