<?xml version="1.0" encoding="UTF-8"?>
<!-- Generated by org.testng.reporters.JUnitReportReporter -->
<testsuite hostname="LAPTOP-2DBSRI6Q" failures="0" tests="1" name="practise.CreateContactlistTest" time="3.293" errors="0" timestamp="2023-12-09T12:41:19 IST" skipped="0">
  <testcase classname="practise.CreateContactlistTest" name="m1Test" time="3.293"/>
  <system-out/>
</testsuite> <!-- practise.CreateContactlistTest -->
